[W 220114 17:57:24 openapi:104] sendtx: {'aggregated_signature': '0xb0515867901eafaaf0468de0668e9c29086259dd762b70ca4cbc64d403192b3f53c6874be4f4d9ef22b3ff1580af71c7014fc39dafbaf199ada869a0bbc2e1717273682cdcc42b40edd26cb3fa37d657da1b29265f95c41e9b71d3c2b3c96bbe',
     'coin_spends': [{'coin': {'amount': 2000,
                               'parent_coin_info': '0x8549debf09cbdd0e93aebac1dca82c9499f2941a88b1ba9547b061b603a50060',
                               'puzzle_hash': '0xbe6cb124d0f3fc0a563355f3357a71c9e76a4a6bdb3469b45004715c26bb8723'},
                      'puzzle_reveal': '0xff02ffff01ff02ffff01ff04ffff04ff04ffff04ff05ffff04ffff02ff06ffff04ff02ffff04ff0bff80808080ff80808080ff0b80ffff04ffff01ff32ff02ffff03ffff07ff0580ffff01ff0bffff0102ffff02ff06ffff04ff02ffff04ff09ff80808080ffff02ff06ffff04ff02ffff04ff0dff8080808080ffff01ff0bffff0101ff058080ff0180ff018080ffff04ffff01b0b9dadb53fbf3786cd28a49a0573ac5cb3fd58ef5d728b0d8f8d35475815d4038f648597ac41677666a4cbc7c416984a3ff018080',
                      'solution': '0xffffff33ffa0be6cb124d0f3fc0a563355f3357a71c9e76a4a6bdb3469b45004715c26bb8723ff0580ffff33ffa08d1cbfb5096606680cf56cfec4f5b4245fe11eada19dcf094d3f7af630e88a3fff8207cb808080'}]}, error: ValueError({'error': 'Failed to include transaction daaa76759454832f254b398afe41ef8d1bf4b07d926b07b3cf17ea1f4d361e63, error BAD_AGGREGATE_SIGNATURE', 'success': False})
[W 220114 18:04:42 openapi:104] sendtx: {'aggregated_signature': '0xb0515867901eafaaf0468de0668e9c29086259dd762b70ca4cbc64d403192b3f53c6874be4f4d9ef22b3ff1580af71c7014fc39dafbaf199ada869a0bbc2e1717273682cdcc42b40edd26cb3fa37d657da1b29265f95c41e9b71d3c2b3c96bbe',
     'coin_spends': [{'coin': {'amount': 2000,
                               'parent_coin_info': '0x8549debf09cbdd0e93aebac1dca82c9499f2941a88b1ba9547b061b603a50060',
                               'puzzle_hash': '0xbe6cb124d0f3fc0a563355f3357a71c9e76a4a6bdb3469b45004715c26bb8723'},
                      'puzzle_reveal': '0xff02ffff01ff02ffff01ff04ffff04ff04ffff04ff05ffff04ffff02ff06ffff04ff02ffff04ff0bff80808080ff80808080ff0b80ffff04ffff01ff32ff02ffff03ffff07ff0580ffff01ff0bffff0102ffff02ff06ffff04ff02ffff04ff09ff80808080ffff02ff06ffff04ff02ffff04ff0dff8080808080ffff01ff0bffff0101ff058080ff0180ff018080ffff04ffff01b0b9dadb53fbf3786cd28a49a0573ac5cb3fd58ef5d728b0d8f8d35475815d4038f648597ac41677666a4cbc7c416984a3ff018080',
                      'solution': '0xffffff33ffa0be6cb124d0f3fc0a563355f3357a71c9e76a4a6bdb3469b45004715c26bb8723ff0580ffff33ffa08d1cbfb5096606680cf56cfec4f5b4245fe11eada19dcf094d3f7af630e88a3fff8207cb808080'}]}, error: ValueError({'error': 'Failed to include transaction daaa76759454832f254b398afe41ef8d1bf4b07d926b07b3cf17ea1f4d361e63, error BAD_AGGREGATE_SIGNATURE', 'success': False})
[W 220114 18:05:51 openapi:104] sendtx: {'aggregated_signature': '0xb0515867901eafaaf0468de0668e9c29086259dd762b70ca4cbc64d403192b3f53c6874be4f4d9ef22b3ff1580af71c7014fc39dafbaf199ada869a0bbc2e1717273682cdcc42b40edd26cb3fa37d657da1b29265f95c41e9b71d3c2b3c96bbe',
     'coin_spends': [{'coin': {'amount': 2000,
                               'parent_coin_info': '0x8549debf09cbdd0e93aebac1dca82c9499f2941a88b1ba9547b061b603a50060',
                               'puzzle_hash': '0xbe6cb124d0f3fc0a563355f3357a71c9e76a4a6bdb3469b45004715c26bb8723'},
                      'puzzle_reveal': '0xff02ffff01ff02ffff01ff04ffff04ff04ffff04ff05ffff04ffff02ff06ffff04ff02ffff04ff0bff80808080ff80808080ff0b80ffff04ffff01ff32ff02ffff03ffff07ff0580ffff01ff0bffff0102ffff02ff06ffff04ff02ffff04ff09ff80808080ffff02ff06ffff04ff02ffff04ff0dff8080808080ffff01ff0bffff0101ff058080ff0180ff018080ffff04ffff01b0b9dadb53fbf3786cd28a49a0573ac5cb3fd58ef5d728b0d8f8d35475815d4038f648597ac41677666a4cbc7c416984a3ff018080',
                      'solution': '0xffffff33ffa0be6cb124d0f3fc0a563355f3357a71c9e76a4a6bdb3469b45004715c26bb8723ff0580ffff33ffa08d1cbfb5096606680cf56cfec4f5b4245fe11eada19dcf094d3f7af630e88a3fff8207cb808080'}]}, error: ValueError({'error': 'Failed to include transaction daaa76759454832f254b398afe41ef8d1bf4b07d926b07b3cf17ea1f4d361e63, error BAD_AGGREGATE_SIGNATURE', 'success': False})
[W 220114 18:06:26 openapi:104] sendtx: {'aggregated_signature': '0xb0515867901eafaaf0468de0668e9c29086259dd762b70ca4cbc64d403192b3f53c6874be4f4d9ef22b3ff1580af71c7014fc39dafbaf199ada869a0bbc2e1717273682cdcc42b40edd26cb3fa37d657da1b29265f95c41e9b71d3c2b3c96bbe',
     'coin_spends': [{'coin': {'amount': 2000,
                               'parent_coin_info': '0x8549debf09cbdd0e93aebac1dca82c9499f2941a88b1ba9547b061b603a50060',
                               'puzzle_hash': '0xbe6cb124d0f3fc0a563355f3357a71c9e76a4a6bdb3469b45004715c26bb8723'},
                      'puzzle_reveal': '0xff02ffff01ff02ffff01ff04ffff04ff04ffff04ff05ffff04ffff02ff06ffff04ff02ffff04ff0bff80808080ff80808080ff0b80ffff04ffff01ff32ff02ffff03ffff07ff0580ffff01ff0bffff0102ffff02ff06ffff04ff02ffff04ff09ff80808080ffff02ff06ffff04ff02ffff04ff0dff8080808080ffff01ff0bffff0101ff058080ff0180ff018080ffff04ffff01b0b9dadb53fbf3786cd28a49a0573ac5cb3fd58ef5d728b0d8f8d35475815d4038f648597ac41677666a4cbc7c416984a3ff018080',
                      'solution': '0xffffff33ffa0be6cb124d0f3fc0a563355f3357a71c9e76a4a6bdb3469b45004715c26bb8723ff0580ffff33ffa08d1cbfb5096606680cf56cfec4f5b4245fe11eada19dcf094d3f7af630e88a3fff8207cb808080'}]}, error: ValueError({'error': 'Failed to include transaction daaa76759454832f254b398afe41ef8d1bf4b07d926b07b3cf17ea1f4d361e63, error BAD_AGGREGATE_SIGNATURE', 'success': False})
[W 220114 18:08:44 openapi:104] sendtx: {'aggregated_signature': '0xb0515867901eafaaf0468de0668e9c29086259dd762b70ca4cbc64d403192b3f53c6874be4f4d9ef22b3ff1580af71c7014fc39dafbaf199ada869a0bbc2e1717273682cdcc42b40edd26cb3fa37d657da1b29265f95c41e9b71d3c2b3c96bbe',
     'coin_spends': [{'coin': {'amount': 2000,
                               'parent_coin_info': '0x8549debf09cbdd0e93aebac1dca82c9499f2941a88b1ba9547b061b603a50060',
                               'puzzle_hash': '0xbe6cb124d0f3fc0a563355f3357a71c9e76a4a6bdb3469b45004715c26bb8723'},
                      'puzzle_reveal': '0xff02ffff01ff02ffff01ff04ffff04ff04ffff04ff05ffff04ffff02ff06ffff04ff02ffff04ff0bff80808080ff80808080ff0b80ffff04ffff01ff32ff02ffff03ffff07ff0580ffff01ff0bffff0102ffff02ff06ffff04ff02ffff04ff09ff80808080ffff02ff06ffff04ff02ffff04ff0dff8080808080ffff01ff0bffff0101ff058080ff0180ff018080ffff04ffff01b0b9dadb53fbf3786cd28a49a0573ac5cb3fd58ef5d728b0d8f8d35475815d4038f648597ac41677666a4cbc7c416984a3ff018080',
                      'solution': '0xffffff33ffa0be6cb124d0f3fc0a563355f3357a71c9e76a4a6bdb3469b45004715c26bb8723ff0580ffff33ffa08d1cbfb5096606680cf56cfec4f5b4245fe11eada19dcf094d3f7af630e88a3fff8207cb808080'}]}, error: ValueError({'error': 'Failed to include transaction daaa76759454832f254b398afe41ef8d1bf4b07d926b07b3cf17ea1f4d361e63, error BAD_AGGREGATE_SIGNATURE', 'success': False})
[W 220114 18:19:04 openapi:104] sendtx: {'aggregated_signature': '0xb0515867901eafaaf0468de0668e9c29086259dd762b70ca4cbc64d403192b3f53c6874be4f4d9ef22b3ff1580af71c7014fc39dafbaf199ada869a0bbc2e1717273682cdcc42b40edd26cb3fa37d657da1b29265f95c41e9b71d3c2b3c96bbe',
     'coin_spends': [{'coin': {'amount': 2000,
                               'parent_coin_info': '0x8549debf09cbdd0e93aebac1dca82c9499f2941a88b1ba9547b061b603a50060',
                               'puzzle_hash': '0xbe6cb124d0f3fc0a563355f3357a71c9e76a4a6bdb3469b45004715c26bb8723'},
                      'puzzle_reveal': '0xff02ffff01ff02ffff01ff04ffff04ff04ffff04ff05ffff04ffff02ff06ffff04ff02ffff04ff0bff80808080ff80808080ff0b80ffff04ffff01ff32ff02ffff03ffff07ff0580ffff01ff0bffff0102ffff02ff06ffff04ff02ffff04ff09ff80808080ffff02ff06ffff04ff02ffff04ff0dff8080808080ffff01ff0bffff0101ff058080ff0180ff018080ffff04ffff01b0b9dadb53fbf3786cd28a49a0573ac5cb3fd58ef5d728b0d8f8d35475815d4038f648597ac41677666a4cbc7c416984a3ff018080',
                      'solution': '0xffffff33ffa0be6cb124d0f3fc0a563355f3357a71c9e76a4a6bdb3469b45004715c26bb8723ff0580ffff33ffa08d1cbfb5096606680cf56cfec4f5b4245fe11eada19dcf094d3f7af630e88a3fff8207cb808080'}]}, error: ValueError({'error': 'Failed to include transaction daaa76759454832f254b398afe41ef8d1bf4b07d926b07b3cf17ea1f4d361e63, error BAD_AGGREGATE_SIGNATURE', 'success': False})
[W 220114 18:25:31 openapi:104] sendtx: {'aggregated_signature': '0xb0515867901eafaaf0468de0668e9c29086259dd762b70ca4cbc64d403192b3f53c6874be4f4d9ef22b3ff1580af71c7014fc39dafbaf199ada869a0bbc2e1717273682cdcc42b40edd26cb3fa37d657da1b29265f95c41e9b71d3c2b3c96bbe',
     'coin_spends': [{'coin': {'amount': 2000,
                               'parent_coin_info': '0x8549debf09cbdd0e93aebac1dca82c9499f2941a88b1ba9547b061b603a50060',
                               'puzzle_hash': '0xbe6cb124d0f3fc0a563355f3357a71c9e76a4a6bdb3469b45004715c26bb8723'},
                      'puzzle_reveal': '0xff02ffff01ff02ffff01ff04ffff04ff04ffff04ff05ffff04ffff02ff06ffff04ff02ffff04ff0bff80808080ff80808080ff0b80ffff04ffff01ff32ff02ffff03ffff07ff0580ffff01ff0bffff0102ffff02ff06ffff04ff02ffff04ff09ff80808080ffff02ff06ffff04ff02ffff04ff0dff8080808080ffff01ff0bffff0101ff058080ff0180ff018080ffff04ffff01b0b9dadb53fbf3786cd28a49a0573ac5cb3fd58ef5d728b0d8f8d35475815d4038f648597ac41677666a4cbc7c416984a3ff018080',
                      'solution': '0xffffff33ffa0be6cb124d0f3fc0a563355f3357a71c9e76a4a6bdb3469b45004715c26bb8723ff0580ffff33ffa08d1cbfb5096606680cf56cfec4f5b4245fe11eada19dcf094d3f7af630e88a3fff8207cb808080'}]}, error: ValueError({'error': 'Failed to include transaction daaa76759454832f254b398afe41ef8d1bf4b07d926b07b3cf17ea1f4d361e63, error BAD_AGGREGATE_SIGNATURE', 'success': False})
[W 220114 18:25:49 openapi:104] sendtx: {'aggregated_signature': '0x8b268037f0da6d091d9b7fbf7ba5e3297f825dbe174aa88d2eb0d4c75362218184f24143d5231f344036829f537333b215dc36367856e85d2cd12eaa7e74cb9abad2351799f335f3c9e4d025eef2312f5b7077a1eb3009cae396c99f0149b62b',
     'coin_spends': [{'coin': {'amount': 2000,
                               'parent_coin_info': '0x8549debf09cbdd0e93aebac1dca82c9499f2941a88b1ba9547b061b603a50060',
                               'puzzle_hash': '0xbe6cb124d0f3fc0a563355f3357a71c9e76a4a6bdb3469b45004715c26bb8723'},
                      'puzzle_reveal': '0xff02ffff01ff02ffff01ff04ffff04ff04ffff04ff05ffff04ffff02ff06ffff04ff02ffff04ff0bff80808080ff80808080ff0b80ffff04ffff01ff32ff02ffff03ffff07ff0580ffff01ff0bffff0102ffff02ff06ffff04ff02ffff04ff09ff80808080ffff02ff06ffff04ff02ffff04ff0dff8080808080ffff01ff0bffff0101ff058080ff0180ff018080ffff04ffff01b0b9dadb53fbf3786cd28a49a0573ac5cb3fd58ef5d728b0d8f8d35475815d4038f648597ac41677666a4cbc7c416984a3ff018080',
                      'solution': '0xffffff33ffa0be6cb124d0f3fc0a563355f3357a71c9e76a4a6bdb3469b45004715c26bb8723ff0580ffff33ffa08d1cbfb5096606680cf56cfec4f5b4245fe11eada19dcf094d3f7af630e88a3fff8207cb808080'}]}, error: ValueError({'error': 'Failed to include transaction 03fce919c2b6abff49a9c7621bd7f002a59145669e865878e63a71343e555dbb, error BAD_AGGREGATE_SIGNATURE', 'success': False})
[W 220114 18:26:01 openapi:104] sendtx: {'aggregated_signature': '0x8b268037f0da6d091d9b7fbf7ba5e3297f825dbe174aa88d2eb0d4c75362218184f24143d5231f344036829f537333b215dc36367856e85d2cd12eaa7e74cb9abad2351799f335f3c9e4d025eef2312f5b7077a1eb3009cae396c99f0149b62b',
     'coin_spends': [{'coin': {'amount': 2000,
                               'parent_coin_info': '0x8549debf09cbdd0e93aebac1dca82c9499f2941a88b1ba9547b061b603a50060',
                               'puzzle_hash': '0xbe6cb124d0f3fc0a563355f3357a71c9e76a4a6bdb3469b45004715c26bb8723'},
                      'puzzle_reveal': '0xff02ffff01ff02ffff01ff04ffff04ff04ffff04ff05ffff04ffff02ff06ffff04ff02ffff04ff0bff80808080ff80808080ff0b80ffff04ffff01ff32ff02ffff03ffff07ff0580ffff01ff0bffff0102ffff02ff06ffff04ff02ffff04ff09ff80808080ffff02ff06ffff04ff02ffff04ff0dff8080808080ffff01ff0bffff0101ff058080ff0180ff018080ffff04ffff01b0b9dadb53fbf3786cd28a49a0573ac5cb3fd58ef5d728b0d8f8d35475815d4038f648597ac41677666a4cbc7c416984a3ff018080',
                      'solution': '0xffffff33ffa0be6cb124d0f3fc0a563355f3357a71c9e76a4a6bdb3469b45004715c26bb8723ff0580ffff33ffa08d1cbfb5096606680cf56cfec4f5b4245fe11eada19dcf094d3f7af630e88a3fff8207cb808080'}]}, error: ValueError({'error': 'Failed to include transaction 03fce919c2b6abff49a9c7621bd7f002a59145669e865878e63a71343e555dbb, error BAD_AGGREGATE_SIGNATURE', 'success': False})
[W 220114 18:26:57 openapi:104] sendtx: {'aggregated_signature': '0x8b268037f0da6d091d9b7fbf7ba5e3297f825dbe174aa88d2eb0d4c75362218184f24143d5231f344036829f537333b215dc36367856e85d2cd12eaa7e74cb9abad2351799f335f3c9e4d025eef2312f5b7077a1eb3009cae396c99f0149b62b',
     'coin_spends': [{'coin': {'amount': 2000,
                               'parent_coin_info': '0x8549debf09cbdd0e93aebac1dca82c9499f2941a88b1ba9547b061b603a50060',
                               'puzzle_hash': '0xbe6cb124d0f3fc0a563355f3357a71c9e76a4a6bdb3469b45004715c26bb8723'},
                      'puzzle_reveal': '0xff02ffff01ff02ffff01ff04ffff04ff04ffff04ff05ffff04ffff02ff06ffff04ff02ffff04ff0bff80808080ff80808080ff0b80ffff04ffff01ff32ff02ffff03ffff07ff0580ffff01ff0bffff0102ffff02ff06ffff04ff02ffff04ff09ff80808080ffff02ff06ffff04ff02ffff04ff0dff8080808080ffff01ff0bffff0101ff058080ff0180ff018080ffff04ffff01b0b9dadb53fbf3786cd28a49a0573ac5cb3fd58ef5d728b0d8f8d35475815d4038f648597ac41677666a4cbc7c416984a3ff018080',
                      'solution': '0xffffff33ffa0be6cb124d0f3fc0a563355f3357a71c9e76a4a6bdb3469b45004715c26bb8723ff0580ffff33ffa08d1cbfb5096606680cf56cfec4f5b4245fe11eada19dcf094d3f7af630e88a3fff8207cb808080'}]}, error: ValueError({'error': 'Failed to include transaction 03fce919c2b6abff49a9c7621bd7f002a59145669e865878e63a71343e555dbb, error BAD_AGGREGATE_SIGNATURE', 'success': False})
[W 220114 18:28:53 openapi:104] sendtx: {'aggregated_signature': '0x8b268037f0da6d091d9b7fbf7ba5e3297f825dbe174aa88d2eb0d4c75362218184f24143d5231f344036829f537333b215dc36367856e85d2cd12eaa7e74cb9abad2351799f335f3c9e4d025eef2312f5b7077a1eb3009cae396c99f0149b62b',
     'coin_spends': [{'coin': {'amount': 2000,
                               'parent_coin_info': '0x8549debf09cbdd0e93aebac1dca82c9499f2941a88b1ba9547b061b603a50060',
                               'puzzle_hash': '0xbe6cb124d0f3fc0a563355f3357a71c9e76a4a6bdb3469b45004715c26bb8723'},
                      'puzzle_reveal': '0xff02ffff01ff02ffff01ff04ffff04ff04ffff04ff05ffff04ffff02ff06ffff04ff02ffff04ff0bff80808080ff80808080ff0b80ffff04ffff01ff32ff02ffff03ffff07ff0580ffff01ff0bffff0102ffff02ff06ffff04ff02ffff04ff09ff80808080ffff02ff06ffff04ff02ffff04ff0dff8080808080ffff01ff0bffff0101ff058080ff0180ff018080ffff04ffff01b0b9dadb53fbf3786cd28a49a0573ac5cb3fd58ef5d728b0d8f8d35475815d4038f648597ac41677666a4cbc7c416984a3ff018080',
                      'solution': '0xffffff33ffa0be6cb124d0f3fc0a563355f3357a71c9e76a4a6bdb3469b45004715c26bb8723ff0580ffff33ffa08d1cbfb5096606680cf56cfec4f5b4245fe11eada19dcf094d3f7af630e88a3fff8207cb808080'}]}, error: ValueError({'error': 'Failed to include transaction 03fce919c2b6abff49a9c7621bd7f002a59145669e865878e63a71343e555dbb, error BAD_AGGREGATE_SIGNATURE', 'success': False})
[W 220114 18:32:36 openapi:104] sendtx: {'aggregated_signature': '0x8b268037f0da6d091d9b7fbf7ba5e3297f825dbe174aa88d2eb0d4c75362218184f24143d5231f344036829f537333b215dc36367856e85d2cd12eaa7e74cb9abad2351799f335f3c9e4d025eef2312f5b7077a1eb3009cae396c99f0149b62b',
     'coin_spends': [{'coin': {'amount': 2000,
                               'parent_coin_info': '0x8549debf09cbdd0e93aebac1dca82c9499f2941a88b1ba9547b061b603a50060',
                               'puzzle_hash': '0xbe6cb124d0f3fc0a563355f3357a71c9e76a4a6bdb3469b45004715c26bb8723'},
                      'puzzle_reveal': '0xff02ffff01ff02ffff01ff04ffff04ff04ffff04ff05ffff04ffff02ff06ffff04ff02ffff04ff0bff80808080ff80808080ff0b80ffff04ffff01ff32ff02ffff03ffff07ff0580ffff01ff0bffff0102ffff02ff06ffff04ff02ffff04ff09ff80808080ffff02ff06ffff04ff02ffff04ff0dff8080808080ffff01ff0bffff0101ff058080ff0180ff018080ffff04ffff01b0b9dadb53fbf3786cd28a49a0573ac5cb3fd58ef5d728b0d8f8d35475815d4038f648597ac41677666a4cbc7c416984a3ff018080',
                      'solution': '0xffffff33ffa0be6cb124d0f3fc0a563355f3357a71c9e76a4a6bdb3469b45004715c26bb8723ff0580ffff33ffa08d1cbfb5096606680cf56cfec4f5b4245fe11eada19dcf094d3f7af630e88a3fff8207cb808080'}]}, error: ValueError({'error': 'Failed to include transaction 03fce919c2b6abff49a9c7621bd7f002a59145669e865878e63a71343e555dbb, error BAD_AGGREGATE_SIGNATURE', 'success': False})
[W 220114 18:36:01 openapi:104] sendtx: {'aggregated_signature': '0x8b268037f0da6d091d9b7fbf7ba5e3297f825dbe174aa88d2eb0d4c75362218184f24143d5231f344036829f537333b215dc36367856e85d2cd12eaa7e74cb9abad2351799f335f3c9e4d025eef2312f5b7077a1eb3009cae396c99f0149b62b',
     'coin_spends': [{'coin': {'amount': 2000,
                               'parent_coin_info': '0x8549debf09cbdd0e93aebac1dca82c9499f2941a88b1ba9547b061b603a50060',
                               'puzzle_hash': '0xbe6cb124d0f3fc0a563355f3357a71c9e76a4a6bdb3469b45004715c26bb8723'},
                      'puzzle_reveal': '0xff02ffff01ff02ffff01ff04ffff04ff04ffff04ff05ffff04ffff02ff06ffff04ff02ffff04ff0bff80808080ff80808080ff0b80ffff04ffff01ff32ff02ffff03ffff07ff0580ffff01ff0bffff0102ffff02ff06ffff04ff02ffff04ff09ff80808080ffff02ff06ffff04ff02ffff04ff0dff8080808080ffff01ff0bffff0101ff058080ff0180ff018080ffff04ffff01b0b9dadb53fbf3786cd28a49a0573ac5cb3fd58ef5d728b0d8f8d35475815d4038f648597ac41677666a4cbc7c416984a3ff018080',
                      'solution': '0xffffff33ffa0be6cb124d0f3fc0a563355f3357a71c9e76a4a6bdb3469b45004715c26bb8723ff0580ffff33ffa08d1cbfb5096606680cf56cfec4f5b4245fe11eada19dcf094d3f7af630e88a3fff8207cb808080'}]}, error: ValueError({'error': 'Failed to include transaction 03fce919c2b6abff49a9c7621bd7f002a59145669e865878e63a71343e555dbb, error BAD_AGGREGATE_SIGNATURE', 'success': False})
[W 220114 18:41:41 openapi:104] sendtx: {'aggregated_signature': '0x8b268037f0da6d091d9b7fbf7ba5e3297f825dbe174aa88d2eb0d4c75362218184f24143d5231f344036829f537333b215dc36367856e85d2cd12eaa7e74cb9abad2351799f335f3c9e4d025eef2312f5b7077a1eb3009cae396c99f0149b62b',
     'coin_spends': [{'coin': {'amount': 2000,
                               'parent_coin_info': '0x8549debf09cbdd0e93aebac1dca82c9499f2941a88b1ba9547b061b603a50060',
                               'puzzle_hash': '0xbe6cb124d0f3fc0a563355f3357a71c9e76a4a6bdb3469b45004715c26bb8723'},
                      'puzzle_reveal': '0xff02ffff01ff02ffff01ff04ffff04ff04ffff04ff05ffff04ffff02ff06ffff04ff02ffff04ff0bff80808080ff80808080ff0b80ffff04ffff01ff32ff02ffff03ffff07ff0580ffff01ff0bffff0102ffff02ff06ffff04ff02ffff04ff09ff80808080ffff02ff06ffff04ff02ffff04ff0dff8080808080ffff01ff0bffff0101ff058080ff0180ff018080ffff04ffff01b0b9dadb53fbf3786cd28a49a0573ac5cb3fd58ef5d728b0d8f8d35475815d4038f648597ac41677666a4cbc7c416984a3ff018080',
                      'solution': '0xffffff33ffa0be6cb124d0f3fc0a563355f3357a71c9e76a4a6bdb3469b45004715c26bb8723ff0580ffff33ffa08d1cbfb5096606680cf56cfec4f5b4245fe11eada19dcf094d3f7af630e88a3fff8207cb808080'}]}, error: ValueError({'error': 'Failed to include transaction 03fce919c2b6abff49a9c7621bd7f002a59145669e865878e63a71343e555dbb, error BAD_AGGREGATE_SIGNATURE', 'success': False})
[W 220114 18:44:19 openapi:104] sendtx: {'aggregated_signature': '0x8b268037f0da6d091d9b7fbf7ba5e3297f825dbe174aa88d2eb0d4c75362218184f24143d5231f344036829f537333b215dc36367856e85d2cd12eaa7e74cb9abad2351799f335f3c9e4d025eef2312f5b7077a1eb3009cae396c99f0149b62b',
     'coin_spends': [{'coin': {'amount': 2000,
                               'parent_coin_info': '0x8549debf09cbdd0e93aebac1dca82c9499f2941a88b1ba9547b061b603a50060',
                               'puzzle_hash': '0xbe6cb124d0f3fc0a563355f3357a71c9e76a4a6bdb3469b45004715c26bb8723'},
                      'puzzle_reveal': '0xff02ffff01ff02ffff01ff04ffff04ff04ffff04ff05ffff04ffff02ff06ffff04ff02ffff04ff0bff80808080ff80808080ff0b80ffff04ffff01ff32ff02ffff03ffff07ff0580ffff01ff0bffff0102ffff02ff06ffff04ff02ffff04ff09ff80808080ffff02ff06ffff04ff02ffff04ff0dff8080808080ffff01ff0bffff0101ff058080ff0180ff018080ffff04ffff01b0b9dadb53fbf3786cd28a49a0573ac5cb3fd58ef5d728b0d8f8d35475815d4038f648597ac41677666a4cbc7c416984a3ff018080',
                      'solution': '0xffffff33ffa0be6cb124d0f3fc0a563355f3357a71c9e76a4a6bdb3469b45004715c26bb8723ff0580ffff33ffa08d1cbfb5096606680cf56cfec4f5b4245fe11eada19dcf094d3f7af630e88a3fff8207cb808080'}]}, error: ValueError({'error': 'Failed to include transaction 03fce919c2b6abff49a9c7621bd7f002a59145669e865878e63a71343e555dbb, error BAD_AGGREGATE_SIGNATURE', 'success': False})
[W 220114 18:45:13 openapi:104] sendtx: {'aggregated_signature': '0x8b268037f0da6d091d9b7fbf7ba5e3297f825dbe174aa88d2eb0d4c75362218184f24143d5231f344036829f537333b215dc36367856e85d2cd12eaa7e74cb9abad2351799f335f3c9e4d025eef2312f5b7077a1eb3009cae396c99f0149b62b',
     'coin_spends': [{'coin': {'amount': 2000,
                               'parent_coin_info': '0x8549debf09cbdd0e93aebac1dca82c9499f2941a88b1ba9547b061b603a50060',
                               'puzzle_hash': '0xbe6cb124d0f3fc0a563355f3357a71c9e76a4a6bdb3469b45004715c26bb8723'},
                      'puzzle_reveal': '0xff02ffff01ff02ffff01ff04ffff04ff04ffff04ff05ffff04ffff02ff06ffff04ff02ffff04ff0bff80808080ff80808080ff0b80ffff04ffff01ff32ff02ffff03ffff07ff0580ffff01ff0bffff0102ffff02ff06ffff04ff02ffff04ff09ff80808080ffff02ff06ffff04ff02ffff04ff0dff8080808080ffff01ff0bffff0101ff058080ff0180ff018080ffff04ffff01b0b9dadb53fbf3786cd28a49a0573ac5cb3fd58ef5d728b0d8f8d35475815d4038f648597ac41677666a4cbc7c416984a3ff018080',
                      'solution': '0xffffff33ffa0be6cb124d0f3fc0a563355f3357a71c9e76a4a6bdb3469b45004715c26bb8723ff0580ffff33ffa08d1cbfb5096606680cf56cfec4f5b4245fe11eada19dcf094d3f7af630e88a3fff8207cb808080'}]}, error: ValueError({'error': 'Failed to include transaction 03fce919c2b6abff49a9c7621bd7f002a59145669e865878e63a71343e555dbb, error BAD_AGGREGATE_SIGNATURE', 'success': False})
[W 220114 18:45:29 openapi:104] sendtx: {'aggregated_signature': '0x8b268037f0da6d091d9b7fbf7ba5e3297f825dbe174aa88d2eb0d4c75362218184f24143d5231f344036829f537333b215dc36367856e85d2cd12eaa7e74cb9abad2351799f335f3c9e4d025eef2312f5b7077a1eb3009cae396c99f0149b62b',
     'coin_spends': [{'coin': {'amount': 2000,
                               'parent_coin_info': '0x8549debf09cbdd0e93aebac1dca82c9499f2941a88b1ba9547b061b603a50060',
                               'puzzle_hash': '0xbe6cb124d0f3fc0a563355f3357a71c9e76a4a6bdb3469b45004715c26bb8723'},
                      'puzzle_reveal': '0xff02ffff01ff02ffff01ff04ffff04ff04ffff04ff05ffff04ffff02ff06ffff04ff02ffff04ff0bff80808080ff80808080ff0b80ffff04ffff01ff32ff02ffff03ffff07ff0580ffff01ff0bffff0102ffff02ff06ffff04ff02ffff04ff09ff80808080ffff02ff06ffff04ff02ffff04ff0dff8080808080ffff01ff0bffff0101ff058080ff0180ff018080ffff04ffff01b0b9dadb53fbf3786cd28a49a0573ac5cb3fd58ef5d728b0d8f8d35475815d4038f648597ac41677666a4cbc7c416984a3ff018080',
                      'solution': '0xffffff33ffa0be6cb124d0f3fc0a563355f3357a71c9e76a4a6bdb3469b45004715c26bb8723ff0580ffff33ffa08d1cbfb5096606680cf56cfec4f5b4245fe11eada19dcf094d3f7af630e88a3fff8207cb808080'}]}, error: ValueError({'error': 'Failed to include transaction 03fce919c2b6abff49a9c7621bd7f002a59145669e865878e63a71343e555dbb, error BAD_AGGREGATE_SIGNATURE', 'success': False})
[W 220114 18:46:56 openapi:104] sendtx: {'aggregated_signature': '0x8b268037f0da6d091d9b7fbf7ba5e3297f825dbe174aa88d2eb0d4c75362218184f24143d5231f344036829f537333b215dc36367856e85d2cd12eaa7e74cb9abad2351799f335f3c9e4d025eef2312f5b7077a1eb3009cae396c99f0149b62b',
     'coin_spends': [{'coin': {'amount': 2000,
                               'parent_coin_info': '0x8549debf09cbdd0e93aebac1dca82c9499f2941a88b1ba9547b061b603a50060',
                               'puzzle_hash': '0xbe6cb124d0f3fc0a563355f3357a71c9e76a4a6bdb3469b45004715c26bb8723'},
                      'puzzle_reveal': '0xff02ffff01ff02ffff01ff04ffff04ff04ffff04ff05ffff04ffff02ff06ffff04ff02ffff04ff0bff80808080ff80808080ff0b80ffff04ffff01ff32ff02ffff03ffff07ff0580ffff01ff0bffff0102ffff02ff06ffff04ff02ffff04ff09ff80808080ffff02ff06ffff04ff02ffff04ff0dff8080808080ffff01ff0bffff0101ff058080ff0180ff018080ffff04ffff01b0b9dadb53fbf3786cd28a49a0573ac5cb3fd58ef5d728b0d8f8d35475815d4038f648597ac41677666a4cbc7c416984a3ff018080',
                      'solution': '0xffffff33ffa0be6cb124d0f3fc0a563355f3357a71c9e76a4a6bdb3469b45004715c26bb8723ff0580ffff33ffa08d1cbfb5096606680cf56cfec4f5b4245fe11eada19dcf094d3f7af630e88a3fff8207cb808080'}]}, error: ValueError({'error': 'Failed to include transaction 03fce919c2b6abff49a9c7621bd7f002a59145669e865878e63a71343e555dbb, error BAD_AGGREGATE_SIGNATURE', 'success': False})
[W 220114 18:53:04 openapi:104] sendtx: {'aggregated_signature': '0x8b268037f0da6d091d9b7fbf7ba5e3297f825dbe174aa88d2eb0d4c75362218184f24143d5231f344036829f537333b215dc36367856e85d2cd12eaa7e74cb9abad2351799f335f3c9e4d025eef2312f5b7077a1eb3009cae396c99f0149b62b',
     'coin_spends': [{'coin': {'amount': 2000,
                               'parent_coin_info': '0x8549debf09cbdd0e93aebac1dca82c9499f2941a88b1ba9547b061b603a50060',
                               'puzzle_hash': '0xbe6cb124d0f3fc0a563355f3357a71c9e76a4a6bdb3469b45004715c26bb8723'},
                      'puzzle_reveal': '0xff02ffff01ff02ffff01ff04ffff04ff04ffff04ff05ffff04ffff02ff06ffff04ff02ffff04ff0bff80808080ff80808080ff0b80ffff04ffff01ff32ff02ffff03ffff07ff0580ffff01ff0bffff0102ffff02ff06ffff04ff02ffff04ff09ff80808080ffff02ff06ffff04ff02ffff04ff0dff8080808080ffff01ff0bffff0101ff058080ff0180ff018080ffff04ffff01b0b9dadb53fbf3786cd28a49a0573ac5cb3fd58ef5d728b0d8f8d35475815d4038f648597ac41677666a4cbc7c416984a3ff018080',
                      'solution': '0xffffff33ffa0be6cb124d0f3fc0a563355f3357a71c9e76a4a6bdb3469b45004715c26bb8723ff0580ffff33ffa08d1cbfb5096606680cf56cfec4f5b4245fe11eada19dcf094d3f7af630e88a3fff8207cb808080'}]}, error: ValueError({'error': 'Failed to include transaction 03fce919c2b6abff49a9c7621bd7f002a59145669e865878e63a71343e555dbb, error BAD_AGGREGATE_SIGNATURE', 'success': False})
[W 220114 19:11:41 openapi:104] sendtx: {'aggregated_signature': '0x8787ca3f60e4ca807ecce8a17530538f9f08a9efea4b57f3c564fd32ae6441d6c6bb6768a488e7d484e3cb1e99c2ad930cbceafdb6d8adfb50a743844e8f6cc87bbb108bca7a16d9232847ea6c607a9d0228ed341f93b0114e1f48116bbf5ad8',
     'coin_spends': [{'coin': {'amount': 983,
                               'parent_coin_info': '0x80375d483a0e5a09a4967c92b1444c31fcaa418fd3853812f26d1f341d3325ae',
                               'puzzle_hash': '0x8d1cbfb5096606680cf56cfec4f5b4245fe11eada19dcf094d3f7af630e88a3f'},
                      'puzzle_reveal': '0xff02ffff01ff02ffff01ff04ffff04ff04ffff04ff05ffff04ffff02ff06ffff04ff02ffff04ff0bff80808080ff80808080ff0b80ffff04ffff01ff32ff02ffff03ffff07ff0580ffff01ff0bffff0102ffff02ff06ffff04ff02ffff04ff09ff80808080ffff02ff06ffff04ff02ffff04ff0dff8080808080ffff01ff0bffff0101ff058080ff0180ff018080ffff04ffff01b0b9dadb53fbf3786cd28a49a0573ac5cb3fd58ef5d728b0d8f8d35475815d4038f648597ac41677666a4cbc7c416984a3ff018080',
                      'solution': '0xffffff33ffa0be6cb124d0f3fc0a563355f3357a71c9e76a4a6bdb3469b45004715c26bb8723ff0580ffff33ffa08d1cbfb5096606680cf56cfec4f5b4245fe11eada19dcf094d3f7af630e88a3fff8203d2808080'}]}, error: ValueError({'error': 'Failed to include transaction 7dfeb5948c4aa13bdab328d6eae03702227024eede828f65c50c0b807e58d4d5, error BAD_AGGREGATE_SIGNATURE', 'success': False})
[W 220114 19:36:14 openapi:104] sendtx: {'aggregated_signature': '0x92ff01738feb30f7402e87e76cdaa040ce6b429779a3512ba45e4d6dd4f886cc1dc19208f762a3c80caabe82853541f00e394ca51f00709798c519055db8c00d71acd74935a60942f8e95229b0a7f1b1b515a80816fe3d7f553bfb002262eb10',
     'coin_spends': [{'coin': {'amount': 993,
                               'parent_coin_info': '0x3234a1770639ca1a19235982eacaad47d9831754371310694703d4bdda4f9423',
                               'puzzle_hash': '0x8d1cbfb5096606680cf56cfec4f5b4245fe11eada19dcf094d3f7af630e88a3f'},
                      'puzzle_reveal': '0xff02ffff01ff02ffff01ff04ffff04ff04ffff04ff05ffff04ffff02ff06ffff04ff02ffff04ff0bff80808080ff80808080ff0b80ffff04ffff01ff32ff02ffff03ffff07ff0580ffff01ff0bffff0102ffff02ff06ffff04ff02ffff04ff09ff80808080ffff02ff06ffff04ff02ffff04ff0dff8080808080ffff01ff0bffff0101ff058080ff0180ff018080ffff04ffff01b0b9dadb53fbf3786cd28a49a0573ac5cb3fd58ef5d728b0d8f8d35475815d4038f648597ac41677666a4cbc7c416984a3ff018080',
                      'solution': '0xffffff33ffa0be6cb124d0f3fc0a563355f3357a71c9e76a4a6bdb3469b45004715c26bb8723ff0580ffff33ffa08d1cbfb5096606680cf56cfec4f5b4245fe11eada19dcf094d3f7af630e88a3fff8203dc808080'}]}, error: ValueError({'error': 'Failed to include transaction 5d35cd7a4783a0cef1368f728d2b01ce1e28a7c40cbfb80738164dba33f28976, error DOUBLE_SPEND', 'success': False})
[W 220115 07:26:36 openapi:104] sendtx: {'aggregated_signature': '0xa5504ea8771361fd399fe6cef00232e5a8e9de1db43924b1d9f65b6eb2c830c93030b0a446130bc2526f1d824d1f965103bac0316e342ff23861c3895a03f2f13c297595e2723a426386439aea43495b58164d2af90684398b368aaaf536e5df',
     'coin_spends': [{'coin': {'amount': 923,
                               'parent_coin_info': '0x8de36f590ee841c5cb587988fc183c883d3852a73f96c32032de0567605a6e97',
                               'puzzle_hash': '0x8d1cbfb5096606680cf56cfec4f5b4245fe11eada19dcf094d3f7af630e88a3f'},
                      'puzzle_reveal': '0xff02ffff01ff02ffff01ff04ffff04ff04ffff04ff05ffff04ffff02ff06ffff04ff02ffff04ff0bff80808080ff80808080ff0b80ffff04ffff01ff32ff02ffff03ffff07ff0580ffff01ff0bffff0102ffff02ff06ffff04ff02ffff04ff09ff80808080ffff02ff06ffff04ff02ffff04ff0dff8080808080ffff01ff0bffff0101ff058080ff0180ff018080ffff04ffff01b0b9dadb53fbf3786cd28a49a0573ac5cb3fd58ef5d728b0d8f8d35475815d4038f648597ac41677666a4cbc7c416984a3ff018080',
                      'solution': '0xffffff33ffa0be6cb124d0f3fc0a563355f3357a71c9e76a4a6bdb3469b45004715c26bb8723ff0580ffff33ffa08d1cbfb5096606680cf56cfec4f5b4245fe11eada19dcf094d3f7af630e88a3fff820396808080'}]}, error: ValueError({'error': 'Failed to include transaction fb0c83ce874ce65c3ea59aed835aed7f17ba4537be54803e76573a28638b7fc5, error NO_TRANSACTIONS_WHILE_SYNCING', 'success': False})
[W 220320 20:14:35 openapi:102] sendtx: {'aggregated_signature': '0xb674f7d74f8c2925d3a7183f5250c7f71738731f48eefd4c6c1fb6536525d22545c50a00e24cca05237ecb01cf71b59d123d3334e24963f7e1156fbcb5293ee44c4f4d58fa0bede8a28931e121b69305f4a23b2275e2f60b65058ba73866e457',
     'coin_spends': [{'coin': {'amount': 1000000000000,
                               'parent_coin_info': '0xd973c72bb0e94bc9178d910b2bf92de762cbc0d32ec9dd1fa9e55b0ff4466891',
                               'puzzle_hash': '0xcb21242c1269d3001be5698834d5fb5ee05bf774272691e347c1ccb2e6a12840'},
                      'puzzle_reveal': '0xff02ffff01ff02ffff01ff02ffff03ff0bffff01ff02ffff03ffff09ff05ffff1dff0bffff1effff0bff0bffff02ff06ffff04ff02ffff04ff17ff8080808080808080ffff01ff02ff17ff2f80ffff01ff088080ff0180ffff01ff04ffff04ff04ffff04ff05ffff04ffff02ff06ffff04ff02ffff04ff17ff80808080ff80808080ffff02ff17ff2f808080ff0180ffff04ffff01ff32ff02ffff03ffff07ff0580ffff01ff0bffff0102ffff02ff06ffff04ff02ffff04ff09ff80808080ffff02ff06ffff04ff02ffff04ff0dff8080808080ffff01ff0bffff0101ff058080ff0180ff018080ffff04ffff01b085ecebf2a85cf83b9480d73ce44a46766458505fadbc06a2038d3a7b128b9e5ec40f9cef2f2cb55a1c2b84022e425387ff018080',
                      'solution': '0xffffff33ffa08af0b5c6449420da9265d7277e1aad260a3aa69bf0f3b07b79ce5c08c7bfa9a7ff853a3529440080ffff33ffa0cb21242c1269d3001be5698834d5fb5ee05bf774272691e347c1ccb2e6a12840ff8600ae9f7bcc00808080'}]}, error: ValueError({'error': 'Failed to include transaction 5bf8405425aebcbd6a8bd36d526ce88bf08267431c3843d33b8fad9f31c01647, error GENERATOR_RUNTIME_ERROR', 'success': False})
[W 220320 20:18:53 openapi:102] sendtx: {'aggregated_signature': '0x9703198e32cdbc66f1485aa757e0e074c3dc308fae878b519f78a37c3019e1b0e2d4f9dab558103b836de5c04d1bc58604ea98061071f550724a3aa7581f4248d3778ee0dfebc69aefbea8dcbf6b773ac6799883d3810caa0ed571fcbec89c75',
     'coin_spends': [{'coin': {'amount': 1000000000000,
                               'parent_coin_info': '0xd973c72bb0e94bc9178d910b2bf92de762cbc0d32ec9dd1fa9e55b0ff4466891',
                               'puzzle_hash': '0xcb21242c1269d3001be5698834d5fb5ee05bf774272691e347c1ccb2e6a12840'},
                      'puzzle_reveal': '0xff02ffff01ff02ffff01ff02ffff03ff0bffff01ff02ffff03ffff09ff05ffff1dff0bffff1effff0bff0bffff02ff06ffff04ff02ffff04ff17ff8080808080808080ffff01ff02ff17ff2f80ffff01ff088080ff0180ffff01ff04ffff04ff04ffff04ff05ffff04ffff02ff06ffff04ff02ffff04ff17ff80808080ff80808080ffff02ff17ff2f808080ff0180ffff04ffff01ff32ff02ffff03ffff07ff0580ffff01ff0bffff0102ffff02ff06ffff04ff02ffff04ff09ff80808080ffff02ff06ffff04ff02ffff04ff0dff8080808080ffff01ff0bffff0101ff058080ff0180ff018080ffff04ffff01b085ecebf2a85cf83b9480d73ce44a46766458505fadbc06a2038d3a7b128b9e5ec40f9cef2f2cb55a1c2b84022e425387ff018080',
                      'solution': '0xffffff33ffa08af0b5c6449420da9265d7277e1aad260a3aa69bf0f3b07b79ce5c08c7bfa9a7ff85746a52880080ffff33ffa0cb21242c1269d3001be5698834d5fb5ee05bf774272691e347c1ccb2e6a12840ff85746a528800808080'}]}, error: ValueError({'error': 'Failed to include transaction 3000f562e63b1ab586e140b87ca940ec93dec132845b74c915ffcea2b4397e8a, error GENERATOR_RUNTIME_ERROR', 'success': False})
[W 220320 20:30:15 openapi:102] sendtx: {'aggregated_signature': '0x9703198e32cdbc66f1485aa757e0e074c3dc308fae878b519f78a37c3019e1b0e2d4f9dab558103b836de5c04d1bc58604ea98061071f550724a3aa7581f4248d3778ee0dfebc69aefbea8dcbf6b773ac6799883d3810caa0ed571fcbec89c75',
     'coin_spends': [{'coin': {'amount': 1000000000000,
                               'parent_coin_info': '0xd973c72bb0e94bc9178d910b2bf92de762cbc0d32ec9dd1fa9e55b0ff4466891',
                               'puzzle_hash': '0xcb21242c1269d3001be5698834d5fb5ee05bf774272691e347c1ccb2e6a12840'},
                      'puzzle_reveal': '0xff02ffff01ff02ffff01ff02ffff03ff0bffff01ff02ffff03ffff09ff05ffff1dff0bffff1effff0bff0bffff02ff06ffff04ff02ffff04ff17ff8080808080808080ffff01ff02ff17ff2f80ffff01ff088080ff0180ffff01ff04ffff04ff04ffff04ff05ffff04ffff02ff06ffff04ff02ffff04ff17ff80808080ff80808080ffff02ff17ff2f808080ff0180ffff04ffff01ff32ff02ffff03ffff07ff0580ffff01ff0bffff0102ffff02ff06ffff04ff02ffff04ff09ff80808080ffff02ff06ffff04ff02ffff04ff0dff8080808080ffff01ff0bffff0101ff058080ff0180ff018080ffff04ffff01b085ecebf2a85cf83b9480d73ce44a46766458505fadbc06a2038d3a7b128b9e5ec40f9cef2f2cb55a1c2b84022e425387ff018080',
                      'solution': '0xffffff33ffa08af0b5c6449420da9265d7277e1aad260a3aa69bf0f3b07b79ce5c08c7bfa9a7ff85746a52880080ffff33ffa0cb21242c1269d3001be5698834d5fb5ee05bf774272691e347c1ccb2e6a12840ff85746a528800808080'}]}, error: ValueError({'error': 'Failed to include transaction 3000f562e63b1ab586e140b87ca940ec93dec132845b74c915ffcea2b4397e8a, error GENERATOR_RUNTIME_ERROR', 'success': False})
[W 220323 16:49:57 openapi:122] sendtx: {'aggregated_signature': '0xb38c531afbc415110edfb9474bbb2145b43bdc5db71774724860be167c120b0bbc175caaf7b6881043c98a84f3d39ba70183120fc32c99356c8b65e00a4d50d11d0dfff736aeebbd09eb4b827466099daab93f2cc5002544855924c33e8745b2',
     'coin_spends': [{'coin': {'amount': 500000000000,
                               'parent_coin_info': '0x920a5e66f871e14ea9cad206ec08e1f95cfdf5cf4714ddc25ccbe6c24acd98e3',
                               'puzzle_hash': '0xcb21242c1269d3001be5698834d5fb5ee05bf774272691e347c1ccb2e6a12840'},
                      'puzzle_reveal': '0xff02ffff01ff02ffff01ff02ffff03ff0bffff01ff02ffff03ffff09ff05ffff1dff0bffff1effff0bff0bffff02ff06ffff04ff02ffff04ff17ff8080808080808080ffff01ff02ff17ff2f80ffff01ff088080ff0180ffff01ff04ffff04ff04ffff04ff05ffff04ffff02ff06ffff04ff02ffff04ff17ff80808080ff80808080ffff02ff17ff2f808080ff0180ffff04ffff01ff32ff02ffff03ffff07ff0580ffff01ff0bffff0102ffff02ff06ffff04ff02ffff04ff09ff80808080ffff02ff06ffff04ff02ffff04ff0dff8080808080ffff01ff0bffff0101ff058080ff0180ff018080ffff04ffff01b085ecebf2a85cf83b9480d73ce44a46766458505fadbc06a2038d3a7b128b9e5ec40f9cef2f2cb55a1c2b84022e425387ff018080',
                      'solution': '0xff80ffff01ffff33ffa09252c6333189a71b42281ae44c1a4a780376075c5061f6f77179c3c685b469c1ff8609184e72a00080ffff3cffa0acf7ab1336948fc37c9bae40a848b7eacc145231e5101e2e637d19c0548424b28080ff8080'}]}, error: ValueError({'error': 'Failed to include transaction 61b7b2b1ec3a7fe6893a998a73e3e8776ecf1bbcb344c047fc06e42634f5f9ae, error MINTING_COIN', 'success': False})
[W 220323 16:50:22 openapi:122] sendtx: {'aggregated_signature': '0xb38c531afbc415110edfb9474bbb2145b43bdc5db71774724860be167c120b0bbc175caaf7b6881043c98a84f3d39ba70183120fc32c99356c8b65e00a4d50d11d0dfff736aeebbd09eb4b827466099daab93f2cc5002544855924c33e8745b2',
     'coin_spends': [{'coin': {'amount': 500000000000,
                               'parent_coin_info': '0x920a5e66f871e14ea9cad206ec08e1f95cfdf5cf4714ddc25ccbe6c24acd98e3',
                               'puzzle_hash': '0xcb21242c1269d3001be5698834d5fb5ee05bf774272691e347c1ccb2e6a12840'},
                      'puzzle_reveal': '0xff02ffff01ff02ffff01ff02ffff03ff0bffff01ff02ffff03ffff09ff05ffff1dff0bffff1effff0bff0bffff02ff06ffff04ff02ffff04ff17ff8080808080808080ffff01ff02ff17ff2f80ffff01ff088080ff0180ffff01ff04ffff04ff04ffff04ff05ffff04ffff02ff06ffff04ff02ffff04ff17ff80808080ff80808080ffff02ff17ff2f808080ff0180ffff04ffff01ff32ff02ffff03ffff07ff0580ffff01ff0bffff0102ffff02ff06ffff04ff02ffff04ff09ff80808080ffff02ff06ffff04ff02ffff04ff0dff8080808080ffff01ff0bffff0101ff058080ff0180ff018080ffff04ffff01b085ecebf2a85cf83b9480d73ce44a46766458505fadbc06a2038d3a7b128b9e5ec40f9cef2f2cb55a1c2b84022e425387ff018080',
                      'solution': '0xff80ffff01ffff33ffa09252c6333189a71b42281ae44c1a4a780376075c5061f6f77179c3c685b469c1ff8609184e72a00080ffff3cffa0acf7ab1336948fc37c9bae40a848b7eacc145231e5101e2e637d19c0548424b28080ff8080'}]}, error: ValueError({'error': 'Failed to include transaction 61b7b2b1ec3a7fe6893a998a73e3e8776ecf1bbcb344c047fc06e42634f5f9ae, error MINTING_COIN', 'success': False})
[W 220323 16:50:30 openapi:122] sendtx: {'aggregated_signature': '0xb38c531afbc415110edfb9474bbb2145b43bdc5db71774724860be167c120b0bbc175caaf7b6881043c98a84f3d39ba70183120fc32c99356c8b65e00a4d50d11d0dfff736aeebbd09eb4b827466099daab93f2cc5002544855924c33e8745b2',
     'coin_spends': [{'coin': {'amount': 500000000000,
                               'parent_coin_info': '0x920a5e66f871e14ea9cad206ec08e1f95cfdf5cf4714ddc25ccbe6c24acd98e3',
                               'puzzle_hash': '0xcb21242c1269d3001be5698834d5fb5ee05bf774272691e347c1ccb2e6a12840'},
                      'puzzle_reveal': '0xff02ffff01ff02ffff01ff02ffff03ff0bffff01ff02ffff03ffff09ff05ffff1dff0bffff1effff0bff0bffff02ff06ffff04ff02ffff04ff17ff8080808080808080ffff01ff02ff17ff2f80ffff01ff088080ff0180ffff01ff04ffff04ff04ffff04ff05ffff04ffff02ff06ffff04ff02ffff04ff17ff80808080ff80808080ffff02ff17ff2f808080ff0180ffff04ffff01ff32ff02ffff03ffff07ff0580ffff01ff0bffff0102ffff02ff06ffff04ff02ffff04ff09ff80808080ffff02ff06ffff04ff02ffff04ff0dff8080808080ffff01ff0bffff0101ff058080ff0180ff018080ffff04ffff01b085ecebf2a85cf83b9480d73ce44a46766458505fadbc06a2038d3a7b128b9e5ec40f9cef2f2cb55a1c2b84022e425387ff018080',
                      'solution': '0xff80ffff01ffff33ffa09252c6333189a71b42281ae44c1a4a780376075c5061f6f77179c3c685b469c1ff8609184e72a00080ffff3cffa0acf7ab1336948fc37c9bae40a848b7eacc145231e5101e2e637d19c0548424b28080ff8080'}]}, error: ValueError({'error': 'Failed to include transaction 61b7b2b1ec3a7fe6893a998a73e3e8776ecf1bbcb344c047fc06e42634f5f9ae, error MINTING_COIN', 'success': False})
[W 220323 16:50:57 openapi:122] sendtx: {'aggregated_signature': '0xb38c531afbc415110edfb9474bbb2145b43bdc5db71774724860be167c120b0bbc175caaf7b6881043c98a84f3d39ba70183120fc32c99356c8b65e00a4d50d11d0dfff736aeebbd09eb4b827466099daab93f2cc5002544855924c33e8745b2',
     'coin_spends': [{'coin': {'amount': 500000000000,
                               'parent_coin_info': '0x920a5e66f871e14ea9cad206ec08e1f95cfdf5cf4714ddc25ccbe6c24acd98e3',
                               'puzzle_hash': '0xcb21242c1269d3001be5698834d5fb5ee05bf774272691e347c1ccb2e6a12840'},
                      'puzzle_reveal': '0xff02ffff01ff02ffff01ff02ffff03ff0bffff01ff02ffff03ffff09ff05ffff1dff0bffff1effff0bff0bffff02ff06ffff04ff02ffff04ff17ff8080808080808080ffff01ff02ff17ff2f80ffff01ff088080ff0180ffff01ff04ffff04ff04ffff04ff05ffff04ffff02ff06ffff04ff02ffff04ff17ff80808080ff80808080ffff02ff17ff2f808080ff0180ffff04ffff01ff32ff02ffff03ffff07ff0580ffff01ff0bffff0102ffff02ff06ffff04ff02ffff04ff09ff80808080ffff02ff06ffff04ff02ffff04ff0dff8080808080ffff01ff0bffff0101ff058080ff0180ff018080ffff04ffff01b085ecebf2a85cf83b9480d73ce44a46766458505fadbc06a2038d3a7b128b9e5ec40f9cef2f2cb55a1c2b84022e425387ff018080',
                      'solution': '0xff80ffff01ffff33ffa09252c6333189a71b42281ae44c1a4a780376075c5061f6f77179c3c685b469c1ff8609184e72a00080ffff3cffa0acf7ab1336948fc37c9bae40a848b7eacc145231e5101e2e637d19c0548424b28080ff8080'}]}, error: ValueError({'error': 'Failed to include transaction 61b7b2b1ec3a7fe6893a998a73e3e8776ecf1bbcb344c047fc06e42634f5f9ae, error MINTING_COIN', 'success': False})
